<?xml version="1.0" encoding="UTF-8"?>
<!-- Generated by org.testng.reporters.JUnitReportReporter -->
<testsuite hostname="MTSPC25" failures="0" tests="1" name="tests.AlertMessages" time="16.927" errors="0" timestamp="2024-07-25T20:19:33 IST" skipped="0">
  <testcase classname="tests.AlertMessages" name="checkalertMessages" time="16.927"/>
</testsuite> <!-- tests.AlertMessages -->
